<?xml version="1.0" encoding="UTF-8"?>
<!-- Generated by org.testng.reporters.JUnitXMLReporter -->
<testsuite ignored="0" hostname="DESKTOP-IU6OU2G" failures="0" tests="2" name="MakeMyTripTest" time="46.393" errors="0" timestamp="2024-02-04T14:34:43 IST">
  <testcase classname="makeMyTripPackage.TestNG_Comprehensive5" name="launchAppAndVerifyLogo" time="6.122"/>
  <testcase classname="makeMyTripPackage.TestNG_Comprehensive5" name="launchAppAndSelectOneway" time="34.484"/>
</testsuite> <!-- MakeMyTripTest -->
