<?xml version="1.0" encoding="UTF-8"?>
<testng-results ignored="0" total="2" passed="2" failed="0" skipped="0">
  <reporter-output>
  </reporter-output>
  <suite started-at="2024-02-04T14:33:56 IST" name="MakeMyTripSuite" finished-at="2024-02-04T14:34:43 IST" duration-ms="46393">
    <groups>
    </groups>
    <test started-at="2024-02-04T14:33:56 IST" name="MakeMyTripTest" finished-at="2024-02-04T14:34:43 IST" duration-ms="46393">
      <class name="makeMyTripPackage.TestNG_Comprehensive5">
        <test-method is-config="true" signature="setBrowser()[pri:0, instance:makeMyTripPackage.TestNG_Comprehensive5@5677323c]" started-at="2024-02-04T14:33:56 IST" name="setBrowser" finished-at="2024-02-04T14:33:59 IST" duration-ms="3171" status="PASS">
          <reporter-output>
          </reporter-output>
        </test-method> <!-- setBrowser -->
        <test-method signature="launchAppAndVerifyLogo()[pri:1, instance:makeMyTripPackage.TestNG_Comprehensive5@5677323c]" started-at="2024-02-04T14:33:59 IST" name="launchAppAndVerifyLogo" finished-at="2024-02-04T14:34:06 IST" duration-ms="6122" status="PASS">
          <reporter-output>
          </reporter-output>
        </test-method> <!-- launchAppAndVerifyLogo -->
        <test-method is-config="true" signature="closeBrowser()[pri:0, instance:makeMyTripPackage.TestNG_Comprehensive5@5677323c]" started-at="2024-02-04T14:34:06 IST" name="closeBrowser" finished-at="2024-02-04T14:34:06 IST" duration-ms="618" status="PASS">
          <reporter-output>
          </reporter-output>
        </test-method> <!-- closeBrowser -->
        <test-method is-config="true" signature="setBrowser()[pri:0, instance:makeMyTripPackage.TestNG_Comprehensive5@5677323c]" started-at="2024-02-04T14:34:06 IST" name="setBrowser" finished-at="2024-02-04T14:34:08 IST" duration-ms="1462" status="PASS">
          <reporter-output>
          </reporter-output>
        </test-method> <!-- setBrowser -->
        <test-method signature="launchAppAndSelectOneway()[pri:2, instance:makeMyTripPackage.TestNG_Comprehensive5@5677323c]" started-at="2024-02-04T14:34:08 IST" name="launchAppAndSelectOneway" finished-at="2024-02-04T14:34:42 IST" duration-ms="34484" status="PASS">
          <reporter-output>
          </reporter-output>
        </test-method> <!-- launchAppAndSelectOneway -->
        <test-method is-config="true" signature="closeBrowser()[pri:0, instance:makeMyTripPackage.TestNG_Comprehensive5@5677323c]" started-at="2024-02-04T14:34:42 IST" name="closeBrowser" finished-at="2024-02-04T14:34:43 IST" duration-ms="442" status="PASS">
          <reporter-output>
          </reporter-output>
        </test-method> <!-- closeBrowser -->
      </class> <!-- makeMyTripPackage.TestNG_Comprehensive5 -->
    </test> <!-- MakeMyTripTest -->
  </suite> <!-- MakeMyTripSuite -->
</testng-results>
