<?xml version="1.0" encoding="UTF-8"?>
<!-- Generated by org.testng.reporters.JUnitXMLReporter -->
<testsuite ignored="0" hostname="DESKTOP-IU6OU2G" failures="0" tests="2" name="Default test" time="44.7" errors="0" timestamp="2024-02-04T14:26:44 IST">
  <testcase classname="makeMyTripPackage.TestNG_Comprehensive5" name="launchAppAndVerifyLogo" time="3.574"/>
  <testcase classname="makeMyTripPackage.TestNG_Comprehensive5" name="launchAppAndSelectOneway" time="35.52"/>
</testsuite> <!-- Default test -->
